GRMZM2G124963	GRMZM2G124963	GRMZM2G124963	Chr2:211515836-211521135	B73.s	Mo17.s	OK	175.003	0.0324339	-8.59336	2.70713	0.00678667	0.0590054	no
AC234163.1_FG002	AC234163.1_FG002	AC234163.1_FG002	Chr7:108253197-108254882	B73.s	Mo17.s	OK	0.0610939	211.492	8.14953	-5.73397	9.8104e-09	6.07804e-07	yes
GRMZM2G171466	GRMZM2G171466	GRMZM2G171466	Chr9:153847701-153849272	B73.s	Mo17.s	OK	150.811	0.0525864	-7.96132	7.9594	1.77636e-15	2.72885e-13	yes
GRMZM2G022958	GRMZM2G022958	GRMZM2G022958	Chr8:163002197-163002947	B73.s	Mo17.s	OK	0.381661	983.831	7.85467	-10.0168	0	0	yes
GRMZM2G127087	GRMZM2G127087	GRMZM2G127087	Chr10:55603291-55756434	B73.s	Mo17.s	OK	0.413952	858.431	7.63711	-15.4713	0	0	yes
GRMZM2G044247	GRMZM2G044247	GRMZM2G044247	Chr1:3648954-3651846	B73.s	Mo17.s	OK	58.8349	0.0290265	-7.61428	5.82144	5.83419e-09	3.77296e-07	yes
GRMZM2G156748	GRMZM2G156748	GRMZM2G156748	Chr5:20050744-20098552	B73.s	Mo17.s	OK	54.69	0.0371258	-7.29512	6.43221	1.25761e-10	1.10105e-08	yes
GRMZM2G169033	GRMZM2G169033	GRMZM2G169033	Chr4:181527347-181530838	B73.s	Mo17.s	OK	0.0500402	70.1638	7.24576	-6.69929	2.0943e-11	2.09552e-09	yes
GRMZM2G328265	GRMZM2G328265	GRMZM2G328265	Chr8:168155156-168157754	B73.s	Mo17.s	OK	0.737298	0.737245	-7.18442e-05	6.4067e-05	0.999949	1.04705	no
GRMZM2G019090	GRMZM2G019090	GRMZM2G019090	Chr3:136264583-136323848	B73.s	Mo17.s	OK	0.465338	550.737	7.07625	-8.94764	0	0	yes
GRMZM2G456217	GRMZM2G456217	GRMZM2G456217	Chr1:205422403-205424254	B73.s	Mo17.s	OK	0.0484847	53.6647	7.00926	-8.34081	0	0	yes
GRMZM2G089493	GRMZM2G089493	GRMZM2G089493	Chr7:158126215-158127461	B73.s	Mo17.s	OK	133.477	0.123809	-6.98294	5.68295	1.32389e-08	8.04536e-07	yes
GRMZM2G043336	GRMZM2G043336	GRMZM2G043336	Chr3:132154768-132156292	B73.s	Mo17.s	OK	1154.43	1.13843	-6.92171	12.2434	0	0	yes
GRMZM5G891187	GRMZM5G891187	GRMZM5G891187	Chr3:185550478-185552492	B73.s	Mo17.s	OK	105.04	0.105794	-6.90061	6.13422	8.55771e-10	6.4769e-08	yes
GRMZM2G153184	GRMZM2G153184	GRMZM2G153184	Chr1:213652785-213654502	B73.s	Mo17.s	OK	108.401	0.117731	-6.82519	4.24647	2.17168e-05	0.000537059	yes
GRMZM2G161521	GRMZM2G161521	GRMZM2G161521	Chr4:23072676-23073463	B73.s	Mo17.s	OK	0.463283	423.701	6.81844	-8.70634	0	0	yes
GRMZM2G020423	GRMZM2G020423	GRMZM2G020423	Chr3:132018781-132020128	B73.s	Mo17.s	OK	384.206	0.454383	-6.73999	10.7834	0	0	yes
GRMZM2G015933	GRMZM2G015933	GRMZM2G015933	Chr2:222675441-222682154	B73.s	Mo17.s	OK	0.689092	576.434	6.72924	-8.49324	0	0	yes
GRMZM2G147774	GRMZM2G147774	GRMZM2G147774	Chr3:216881553-216884556	B73.s	Mo17.s	OK	0.0552825	45.9596	6.72306	-7.05728	1.69798e-12	2.00477e-10	yes
GRMZM2G081462	GRMZM2G081462	GRMZM2G081462	Chr8:1889240-1891615	B73.s	Mo17.s	OK	180.658	0.241381	-6.61798	11.9697	0	0	yes
GRMZM2G113373	GRMZM2G113373	GRMZM2G113373	Chr4:9850141-9857641	B73.s	Mo17.s	OK	22.2325	0.0306375	-6.58709	6.57659	4.81375e-11	4.55202e-09	yes
GRMZM2G170017	GRMZM2G170017	GRMZM2G170017	Chr5:188857164-188858944	B73.s	Mo17.s	OK	0.219442	158.776	6.58416	-4.49385	6.99477e-06	0.000203701	yes
GRMZM5G850455	GRMZM5G850455	GRMZM5G850455	Chr1:14103039-14104361	B73.s	Mo17.s	OK	57.6914	0.0805633	-6.57382	5.55106	2.83947e-08	1.60298e-06	yes
GRMZM2G155962	GRMZM2G155962	GRMZM2G155962	Chr10:110199183-110208998	B73.s	Mo17.s	OK	57.8501	0.0836156	-6.53938	6.76125	1.36806e-11	1.39935e-09	yes
GRMZM2G036629	GRMZM2G036629	GRMZM2G036629	Chr1:74263334-74264063	B73.s	Mo17.s	OK	0.096155	63.2862	6.48946	-5.54328	2.96856e-08	1.66223e-06	yes
GRMZM2G057116	GRMZM2G057116	GRMZM2G057116	Chr8:88963900-88965293	B73.s	Mo17.s	OK	0.0896704	53.1591	6.3849	-6.74021	1.5816e-11	1.60585e-09	yes
GRMZM2G181135	GRMZM2G181135	GRMZM2G181135	Chr3:202766517-202768685	B73.s	Mo17.s	OK	0.103677	60.236	6.36474	-6.3048	2.88568e-10	2.39935e-08	yes
GRMZM2G094375	GRMZM2G094375	GRMZM2G094375	Chr10:12166678-12169103	B73.s	Mo17.s	OK	0.037209	21.5618	6.36213	-5.75597	8.61436e-09	5.38547e-07	yes
GRMZM2G145069	GRMZM2G145069	GRMZM2G145069	Chr1:81315438-81317038	B73.s	Mo17.s	OK	0.0736962	41.6502	6.33711	-6.78044	1.19811e-11	1.23777e-09	yes
GRMZM2G149182	GRMZM2G149182	GRMZM2G149182	Chr6:110377871-110378982	B73.s	Mo17.s	OK	0.116626	65.1324	6.3252	-6.77231	1.26741e-11	1.29961e-09	yes
GRMZM2G154870	GRMZM2G154870	GRMZM2G154870	Chr1:278900347-278902291	B73.s	Mo17.s	OK	0.230871	128.756	6.32381	-1.27798	0.201255	0.446244	no
GRMZM2G036455	GRMZM2G036455	GRMZM2G036455	Chr1:227507579-227510668	B73.s	Mo17.s	OK	29.1035	0.052629	-6.31535	5.38528	7.23336e-08	3.73173e-06	yes
GRMZM2G012413	GRMZM2G012413	GRMZM2G012413	Chr7:147379850-147382886	B73.s	Mo17.s	OK	11.4302	0.0207685	-6.31058	5.39321	6.92098e-08	3.57951e-06	yes
GRMZM2G082830	GRMZM2G082830	GRMZM2G082830	Chr7:27310891-27312880	B73.s	Mo17.s	OK	0.0192464	10.4433	6.29639	-4.80998	1.50943e-06	5.46195e-05	yes
GRMZM2G162508	GRMZM2G162508	GRMZM2G162508	Chr1:240783353-240787496	B73.s	Mo17.s	OK	31.765	0.0607013	-6.26015	5.5357	3.0999e-08	1.72875e-06	yes
GRMZM2G456997	GRMZM2G456997	GRMZM2G456997	Chr7:3249185-3249998	B73.s	Mo17.s	OK	0.0764441	39.8702	6.25683	-5.29938	1.16198e-07	5.7096e-06	yes
GRMZM2G119322	GRMZM2G119322	GRMZM2G119322	Chr3:179733858-179734682	B73.s	Mo17.s	OK	0.0709206	36.1462	6.23377	-5.28023	1.29024e-07	6.26532e-06	yes
GRMZM2G004924	GRMZM2G004924	GRMZM2G004924	Chr10:145738464-145743615	B73.s	Mo17.s	OK	8.76263	0.0176116	-6.20969	5.55595	2.761e-08	1.56082e-06	yes
GRMZM2G059037	GRMZM2G059037	GRMZM2G059037	Chr6:166595021-166626902	B73.s	Mo17.s	OK	7.46861	0.0154907	-6.17823	5.47676	4.33183e-08	2.35538e-06	yes
GRMZM5G815098	GRMZM5G815098	GRMZM5G815098	Chr4:2262622-2327137	B73.s	Mo17.s	LOWDATA	31.6265	0.070642	-6.10413	0	1	1	no
GRMZM2G022212	GRMZM2G022212	GRMZM2G022212	Chr2:193815071-193818821	B73.s	Mo17.s	OK	0.0186627	8.31303	6.09905	-3.89156	9.96028e-05	0.00193057	yes
GRMZM2G022820	GRMZM2G022820	GRMZM2G022820	Chr6:44008168-44098173	B73.s	Mo17.s	OK	14.1965	0.0320055	-6.09484	5.17888	2.23223e-07	1.02041e-05	yes
GRMZM2G166082	GRMZM2G166082	GRMZM2G166082	Chr5:14058192-14064519	B73.s	Mo17.s	OK	13.5118	0.0328866	-6.01825	6.44645	1.14501e-10	1.01756e-08	yes
AC211892.4_FG002	AC211892.4_FG002	AC211892.4_FG002	Chr1:294903373-294907132	B73.s	Mo17.s	OK	5.24066	0.0131137	-5.99054	5.08071	3.76033e-07	1.62544e-05	yes
GRMZM2G018707	GRMZM2G018707	GRMZM2G018707	Chr4:225686268-225688073	B73.s	Mo17.s	OK	0.029227	11.4053	5.96674	-5.02878	4.93612e-07	2.05833e-05	yes
GRMZM2G050450	GRMZM2G050450	GRMZM2G050450	Chr5:59459793-59461545	B73.s	Mo17.s	OK	0.0432086	16.8532	5.96626	-5.0182	5.21566e-07	2.15532e-05	yes
GRMZM2G117968	GRMZM2G117968	GRMZM2G117968	Chr2:205709068-205714635	B73.s	Mo17.s	OK	18.0247	0.0463637	-5.96298	6.00481	1.91553e-09	1.35543e-07	yes
GRMZM2G009837	GRMZM2G009837	GRMZM2G009837	Chr5:6508957-6513515	B73.s	Mo17.s	OK	0.0474584	18.3795	5.95914	-5.13305	2.85091e-07	1.27089e-05	yes
GRMZM2G071089	GRMZM2G071089	GRMZM2G071089	Chr5:128105439-128107392	B73.s	Mo17.s	OK	106.284	0.275853	-5.954	4.3716	1.23338e-05	0.000331393	yes
GRMZM2G018018	GRMZM2G018018	GRMZM2G018018	Chr10:136435255-136440939	B73.s	Mo17.s	OK	0.0916831	34.7159	5.93661	-6.84889	7.44271e-12	7.98864e-10	yes
GRMZM2G156632	GRMZM2G156632	GRMZM2G156632	Chr8:12273513-12274222	B73.s	Mo17.s	OK	1.55305	585.793	5.93275	-7.49097	6.83897e-14	9.45197e-12	yes
GRMZM2G063909	GRMZM2G063909	GRMZM2G063909	Chr4:233800182-233811237	B73.s	Mo17.s	OK	234.443	0.640668	-5.90246	12.6205	0	0	yes
GRMZM2G140824	GRMZM2G140824	GRMZM2G140824	Chr7:175174283-175176025	B73.s	Mo17.s	OK	0.098197	35.8168	5.8992	-6.32586	2.51831e-10	2.11088e-08	yes
GRMZM2G156692	GRMZM2G156692	GRMZM2G156692	Chr7:15316519-15323155	B73.s	Mo17.s	OK	4.79095	0.0132564	-5.89	3.76878	0.000164046	0.0029474	yes
GRMZM2G082522	GRMZM2G082522	GRMZM2G082522	Chr10:85841374-85844367	B73.s	Mo17.s	OK	7.05982	0.0195795	-5.88769	4.97876	6.39914e-07	2.59762e-05	yes
GRMZM2G003869	GRMZM2G003869	GRMZM2G003869	Chr7:128136581-128140577	B73.s	Mo17.s	OK	34.163	0.0951125	-5.88384	5.50823	3.62468e-08	1.99982e-06	yes
GRMZM2G028218	GRMZM2G028218	GRMZM2G028218	Chr5:4684018-4687975	B73.s	Mo17.s	OK	0.0248543	8.60967	5.84761	-5.08128	3.74899e-07	1.62223e-05	yes
GRMZM2G308907	GRMZM2G308907	GRMZM2G308907	Chr9:32379545-32381399	B73.s	Mo17.s	OK	31.3793	0.0911723	-5.84115	7.08688	1.37157e-12	1.64286e-10	yes
GRMZM2G095333	GRMZM2G095333	GRMZM2G095333	Chr9:109305833-109307276	B73.s	Mo17.s	OK	42.4712	0.126958	-5.81273	6.2315	4.61993e-10	3.6856e-08	yes
GRMZM2G010196	GRMZM2G010196	GRMZM2G010196	Chr1:54598726-54601782	B73.s	Mo17.s	OK	117.357	0.355793	-5.79863	4.29468	1.74948e-05	0.000447097	yes
GRMZM2G060940	GRMZM2G060940	GRMZM2G060940	Chr5:18170760-18172340	B73.s	Mo17.s	OK	0.663552	216.908	5.78962	-7.17601	7.17648e-13	8.95954e-11	yes
GRMZM2G080650	GRMZM2G080650	GRMZM2G080650	Chr10:33743563-33750370	B73.s	Mo17.s	OK	25.1531	0.0783172	-5.77197	6.16766	6.93061e-10	5.32343e-08	yes
GRMZM2G126260	GRMZM2G126260	GRMZM2G126260	Chr3:214899505-214904595	B73.s	Mo17.s	OK	31.4332	0.0991137	-5.75935	6.16749	6.9383e-10	5.31945e-08	yes
GRMZM2G103881	GRMZM2G103881	GRMZM2G103881	Chr2:218422792-218424779	B73.s	Mo17.s	OK	0.0196194	6.13648	5.74549	-3.69008	0.000224184	0.00380302	yes
GRMZM2G379563	GRMZM2G379563	GRMZM2G379563	Chr2:195666253-195668303	B73.s	Mo17.s	OK	0.0187089	5.59116	5.69994	-3.7318	0.000190116	0.00332193	yes
GRMZM2G083350	GRMZM2G083350	GRMZM2G083350	Chr8:19851096-19853367	B73.s	Mo17.s	OK	0.035936	10.6375	5.6904	-4.7378	2.16055e-06	7.43402e-05	yes
GRMZM2G419806	GRMZM2G419806	GRMZM2G419806	Chr10:9220899-9225379	B73.s	Mo17.s	OK	127.463	0.436655	-5.67644	10.4703	0	0	yes
GRMZM2G008109	GRMZM2G008109	GRMZM2G008109	Chr3:189239404-189244232	B73.s	Mo17.s	OK	0.048534	13.5117	5.62905	-6.53286	6.45273e-11	5.97876e-09	yes
GRMZM2G106213	GRMZM2G106213	GRMZM2G106213	Chr2:173380463-173391388	B73.s	Mo17.s	OK	102.821	0.378833	-5.60365	10.0107	0	0	yes
GRMZM2G478414	GRMZM2G478414	GRMZM2G478414	Chr3:201182486-201188638	B73.s	Mo17.s	OK	196.247	0.725126	-5.60078	13.2289	0	0	yes
GRMZM2G135385	GRMZM2G135385	GRMZM2G135385	Chr5:190563131-190564028	B73.s	Mo17.s	OK	0.360343	96.3233	5.58841	-5.6478	1.62516e-08	9.70496e-07	yes
GRMZM2G153754	GRMZM2G153754	GRMZM2G153754	Chr7:9327102-9332339	B73.s	Mo17.s	OK	4.81901	0.0184732	-5.56401	4.66967	3.01686e-06	9.83193e-05	yes
GRMZM2G084779	GRMZM2G084779	GRMZM2G084779	Chr3:155787343-155794047	B73.s	Mo17.s	OK	0.165183	43.0673	5.56347	-4.43508	9.20394e-06	0.000258561	yes
GRMZM2G126079	GRMZM2G126079	GRMZM2G126079	Chr6:161054089-161061292	B73.s	Mo17.s	OK	0.397388	103.218	5.55969	-7.02655	2.11697e-12	2.47124e-10	yes
GRMZM2G431288	GRMZM2G431288	GRMZM2G431288	Chr7:121600704-121602931	B73.s	Mo17.s	OK	0.0795065	20.1492	5.53508	-5.57855	2.42528e-08	1.3862e-06	yes
GRMZM2G143791	GRMZM2G143791	GRMZM2G143791	Chr6:158281199-158283732	B73.s	Mo17.s	OK	69.4132	0.274503	-5.53287	6.821	9.04121e-12	9.48272e-10	yes
AC148152.3_FG008	AC148152.3_FG008	AC148152.3_FG008	Chr2:231209190-231213723	B73.s	Mo17.s	OK	5.83386	0.0236324	-5.50882	4.61461	3.93829e-06	0.000124139	yes
GRMZM2G109448	GRMZM2G109448	GRMZM2G109448	Chr7:143296603-143298282	B73.s	Mo17.s	OK	80.5622	0.330035	-5.49759	4.3001	1.70724e-05	0.000437383	yes
GRMZM2G147399	GRMZM2G147399	GRMZM2G147399	Chr9:20665756-20666996	B73.s	Mo17.s	OK	19.1176	0.0794598	-5.48311	4.82998	1.36547e-06	5.00679e-05	yes
GRMZM2G117971	GRMZM2G117971	GRMZM2G117971	Chr4:9680498-9681375	B73.s	Mo17.s	OK	3.38827	796.16	5.45948	-7.01517	2.29661e-12	2.67338e-10	yes
GRMZM2G042364	GRMZM2G042364	GRMZM2G042364	Chr3:187609670-187611938	B73.s	Mo17.s	OK	0.106582	24.9994	5.45769	-7.08564	1.384e-12	1.65296e-10	yes
GRMZM2G179528	GRMZM2G179528	GRMZM2G179528	Chr1:107847002-107851828	B73.s	Mo17.s	OK	0.250522	57.6508	5.43861	-7.43027	1.08358e-13	1.44444e-11	yes
GRMZM2G012970	GRMZM2G012970	GRMZM2G012970	Chr9:130918296-130920810	B73.s	Mo17.s	OK	11.1477	0.0489033	-5.42914	5.47391	4.40218e-08	2.38422e-06	yes
GRMZM2G171408	GRMZM2G171408	GRMZM2G171408	Chr7:115182035-115185167	B73.s	Mo17.s	OK	21.1854	0.093428	-5.42388	5.08557	3.66523e-07	1.58932e-05	yes
GRMZM2G412207	GRMZM2G412207	GRMZM2G412207	Chr10:101889766-101897989	B73.s	Mo17.s	OK	9.11865	0.0414614	-5.39331	3.92055	8.83462e-05	0.00174513	yes
GRMZM2G117491	GRMZM2G117491	GRMZM2G117491	Chr1:18834852-18836692	B73.s	Mo17.s	OK	0.0367593	8.04885	5.38889	-4.47403	7.67594e-06	0.000221046	yes
GRMZM2G162276	GRMZM2G162276	GRMZM2G162276	Chr2:19199594-19200656	B73.s	Mo17.s	OK	52.5686	0.240532	-5.38702	5.43388	5.51426e-08	2.91396e-06	yes
GRMZM2G135722	GRMZM2G135722	GRMZM2G135722	Chr3:175999091-176001040	B73.s	Mo17.s	OK	0.0311065	6.68427	5.37009	-4.4361	9.1605e-06	0.000257516	yes
GRMZM2G472852	GRMZM2G472852	GRMZM2G472852	Chr7:172675157-172675868	B73.s	Mo17.s	OK	94.7822	0.448052	-5.35443	5.40708	6.40591e-08	3.33818e-06	yes
GRMZM2G354956	GRMZM2G354956	GRMZM2G354956	Chr5:1766803-1767968	B73.s	Mo17.s	OK	0.0350681	7.41233	5.35361	-3.36177	0.000774457	0.0105345	yes
GRMZM2G079805	GRMZM2G079805	GRMZM2G079805	Chr1:216152858-216163070	B73.s	Mo17.s	OK	3.34118	0.0158648	-5.34998	4.45608	8.34711e-06	0.000237559	yes
GRMZM2G036861	GRMZM2G036861	GRMZM2G036861	Chr9:141935140-141941423	B73.s	Mo17.s	OK	423.312	2.03212	-5.33903	8.02656	1.11022e-15	1.7511e-13	yes
AC231180.2_FG006	AC231180.2_FG006	AC231180.2_FG006	Chr8:76128222-76129850	B73.s	Mo17.s	OK	22.7777	0.115356	-5.28551	5.62237	1.88357e-08	1.09939e-06	yes
GRMZM2G085038	GRMZM2G085038	GRMZM2G085038	Chr8:271069-367057	B73.s	Mo17.s	OK	6.01289	0.0308023	-5.27407	5.43349	5.5262e-08	2.91654e-06	yes
GRMZM2G342685	GRMZM2G342685	GRMZM2G342685	Chr1:27861272-27868552	B73.s	Mo17.s	OK	0.373479	72.7813	5.27235	-6.58607	4.51617e-11	4.29025e-09	yes
GRMZM2G139535	GRMZM2G139535	GRMZM2G139535	Chr7:125861348-125865050	B73.s	Mo17.s	OK	0.106908	20.4296	5.25277	-6.12993	8.79171e-10	6.62972e-08	yes
GRMZM2G104549	GRMZM2G104549	GRMZM2G104549	Chr3:223529884-223531055	B73.s	Mo17.s	OK	7.51476	0.0396142	-5.24544	3.31909	0.000903124	0.0119121	yes
GRMZM2G358153	GRMZM2G358153	GRMZM2G358153	Chr4:12082696-12084089	B73.s	Mo17.s	OK	1.98238	374.028	5.24003	-6.8631	6.73794e-12	7.28897e-10	yes
GRMZM2G114113	GRMZM2G114113	GRMZM2G114113	Chr5:199767206-199770831	B73.s	Mo17.s	OK	5.48966	0.0294568	-5.2277	5.51694	3.44961e-08	1.90832e-06	yes
GRMZM2G451224	GRMZM2G451224	GRMZM2G451224	Chr6:163973640-163974980	B73.s	Mo17.s	OK	137.951	0.742735	-5.22431	4.16799	3.07293e-05	0.000725634	yes
